function [energy_gmm_based_vad] finished in 3818 ms
Initialization 0
  Iteration 10
  Iteration 20
  Iteration 30
  Iteration 40
  Iteration 50
  Iteration 60
  Iteration 70
  Iteration 80
  Iteration 90
  Iteration 100
  Iteration 110
  Iteration 120
  Iteration 130
  Iteration 140
  Iteration 150
  Iteration 160
  Iteration 170
  Iteration 180
Initialization converged: True
function [gmm_mfcc_diarization_no_interruptions_2channels_2iterations] finished in 37167 ms
Vad hit rate:0.913
False positive vad:0.041 (Marked as non-active, although speech was present)
True negative vad:0.047 (Marked as active, although speech was not present)
Only diarization hit rate:0.877
System hit rate overall:0.801
function [energy_gmm_based_vad] finished in 6345 ms
Initialization 0
  Iteration 10
  Iteration 20
  Iteration 30
  Iteration 40
  Iteration 50
  Iteration 60
  Iteration 70
  Iteration 80
  Iteration 90
  Iteration 100
  Iteration 110
  Iteration 120
  Iteration 130
  Iteration 140
  Iteration 150
  Iteration 160
  Iteration 170
Initialization converged: True
function [gmm_mfcc_diarization_no_interruptions_2channels_2iterations] finished in 42006 ms
Vad hit rate:0.913
False positive vad:0.040 (Marked as non-active, although speech was present)
True negative vad:0.047 (Marked as active, although speech was not present)
Only diarization hit rate:0.894
System hit rate overall:0.817
function [energy_gmm_based_vad] finished in 5476 ms
Initialization 0
  Iteration 10
  Iteration 20
  Iteration 30
  Iteration 40
  Iteration 50
  Iteration 60
  Iteration 70
  Iteration 80
  Iteration 90
  Iteration 100
  Iteration 110
  Iteration 120
  Iteration 130
  Iteration 140
  Iteration 150
  Iteration 160
  Iteration 170
  Iteration 180
  Iteration 190
  Iteration 200
  Iteration 210
  Iteration 220
  Iteration 230
  Iteration 240
  Iteration 250
  Iteration 260
  Iteration 270
  Iteration 280
Initialization converged: True
function [gmm_mfcc_diarization_no_interruptions_2channels_2iterations] finished in 56566 ms
Vad hit rate:0.913
False positive vad:0.041 (Marked as non-active, although speech was present)
True negative vad:0.047 (Marked as active, although speech was not present)
Only diarization hit rate:0.894
System hit rate overall:0.816
function [energy_gmm_based_vad] finished in 4914 ms
Initialization 0
  Iteration 10
  Iteration 20
  Iteration 30
  Iteration 40
  Iteration 50
  Iteration 60
  Iteration 70
  Iteration 80
  Iteration 90
  Iteration 100
  Iteration 110
  Iteration 120
  Iteration 130
  Iteration 140
  Iteration 150
  Iteration 160
  Iteration 170
  Iteration 180
  Iteration 190
  Iteration 200
  Iteration 210
Initialization converged: True
function [gmm_mfcc_diarization_no_interruptions_2channels_2iterations] finished in 41280 ms
Vad hit rate:0.913
False positive vad:0.040 (Marked as non-active, although speech was present)
True negative vad:0.047 (Marked as active, although speech was not present)
Only diarization hit rate:0.873
System hit rate overall:0.797
function [energy_gmm_based_vad] finished in 4523 ms
Initialization 0
  Iteration 10
  Iteration 20
  Iteration 30
  Iteration 40
  Iteration 50
  Iteration 60
  Iteration 70
  Iteration 80
  Iteration 90
  Iteration 100
  Iteration 110
  Iteration 120
  Iteration 130
  Iteration 140
  Iteration 150
  Iteration 160
  Iteration 170
  Iteration 180
Initialization converged: True
function [gmm_mfcc_diarization_no_interruptions_2channels_2iterations] finished in 36877 ms
Vad hit rate:0.913
False positive vad:0.040 (Marked as non-active, although speech was present)
True negative vad:0.047 (Marked as active, although speech was not present)
Only diarization hit rate:0.895
System hit rate overall:0.817
function [energy_gmm_based_vad] finished in 5109 ms
Initialization 0
  Iteration 10
  Iteration 20
  Iteration 30
  Iteration 40
  Iteration 50
  Iteration 60
  Iteration 70
  Iteration 80
  Iteration 90
  Iteration 100
  Iteration 110
  Iteration 120
  Iteration 130
Initialization converged: True
function [gmm_mfcc_diarization_no_interruptions_2channels_2iterations] finished in 28924 ms
Vad hit rate:0.913
False positive vad:0.040 (Marked as non-active, although speech was present)
True negative vad:0.047 (Marked as active, although speech was not present)
Only diarization hit rate:0.886
System hit rate overall:0.809
function [energy_gmm_based_vad] finished in 5541 ms
Initialization 0
  Iteration 10
  Iteration 20
  Iteration 30
  Iteration 40
  Iteration 50
  Iteration 60
  Iteration 70
  Iteration 80
  Iteration 90
  Iteration 100
  Iteration 110
  Iteration 120
  Iteration 130
  Iteration 140
Initialization converged: True
function [gmm_mfcc_diarization_no_interruptions_2channels_2iterations] finished in 30567 ms
Vad hit rate:0.913
False positive vad:0.040 (Marked as non-active, although speech was present)
True negative vad:0.047 (Marked as active, although speech was not present)
Only diarization hit rate:0.884
System hit rate overall:0.807
function [energy_gmm_based_vad] finished in 5095 ms
Initialization 0
  Iteration 10
  Iteration 20
  Iteration 30
  Iteration 40
  Iteration 50
  Iteration 60
  Iteration 70
  Iteration 80
  Iteration 90
  Iteration 100
  Iteration 110
  Iteration 120
  Iteration 130
Initialization converged: True
function [gmm_mfcc_diarization_no_interruptions_2channels_2iterations] finished in 28901 ms
Vad hit rate:0.913
False positive vad:0.040 (Marked as non-active, although speech was present)
True negative vad:0.047 (Marked as active, although speech was not present)
Only diarization hit rate:0.889
System hit rate overall:0.812
function [energy_gmm_based_vad] finished in 5860 ms
Initialization 0
  Iteration 10
  Iteration 20
  Iteration 30
  Iteration 40
  Iteration 50
  Iteration 60
  Iteration 70
  Iteration 80
  Iteration 90
  Iteration 100
  Iteration 110
Initialization converged: True
function [gmm_mfcc_diarization_no_interruptions_2channels_2iterations] finished in 28239 ms
Vad hit rate:0.913
False positive vad:0.040 (Marked as non-active, although speech was present)
True negative vad:0.047 (Marked as active, although speech was not present)
Only diarization hit rate:0.894
System hit rate overall:0.816
function [energy_gmm_based_vad] finished in 5036 ms
Initialization 0
  Iteration 10
  Iteration 20
  Iteration 30
  Iteration 40
  Iteration 50
  Iteration 60
  Iteration 70
  Iteration 80
  Iteration 90
  Iteration 100
  Iteration 110
  Iteration 120
  Iteration 130
  Iteration 140
  Iteration 150
Initialization converged: True
function [gmm_mfcc_diarization_no_interruptions_2channels_2iterations] finished in 30941 ms
Vad hit rate:0.913
False positive vad:0.040 (Marked as non-active, although speech was present)
True negative vad:0.047 (Marked as active, although speech was not present)
Only diarization hit rate:0.882
System hit rate overall:0.805
function [energy_gmm_based_vad] finished in 4925 ms
Initialization 0
  Iteration 10
  Iteration 20
  Iteration 30
  Iteration 40
  Iteration 50
  Iteration 60
  Iteration 70
  Iteration 80
  Iteration 90
  Iteration 100
  Iteration 110
  Iteration 120
  Iteration 130
  Iteration 140
  Iteration 150
  Iteration 160
  Iteration 170
  Iteration 180
Initialization converged: True
function [gmm_mfcc_diarization_no_interruptions_2channels_2iterations] finished in 35085 ms
Vad hit rate:0.913
False positive vad:0.041 (Marked as non-active, although speech was present)
True negative vad:0.047 (Marked as active, although speech was not present)
Only diarization hit rate:0.895
System hit rate overall:0.817
function [energy_gmm_based_vad] finished in 4850 ms
Initialization 0
  Iteration 10
  Iteration 20
  Iteration 30
  Iteration 40
  Iteration 50
  Iteration 60
  Iteration 70
  Iteration 80
  Iteration 90
  Iteration 100
  Iteration 110
  Iteration 120
  Iteration 130
  Iteration 140
  Iteration 150
  Iteration 160
  Iteration 170
  Iteration 180
  Iteration 190
  Iteration 200
  Iteration 210
  Iteration 220
  Iteration 230
Initialization converged: True
function [gmm_mfcc_diarization_no_interruptions_2channels_2iterations] finished in 43512 ms
Vad hit rate:0.913
False positive vad:0.040 (Marked as non-active, although speech was present)
True negative vad:0.047 (Marked as active, although speech was not present)
Only diarization hit rate:0.894
System hit rate overall:0.816
